#
# A fatal error has been detected by the Java Runtime Environment:
#
#  EXCEPTION_ACCESS_VIOLATION (0xc0000005) at pc=0x000000005601a8f4, pid=1432, tid=3588
#
# JRE version: Java(TM) SE Runtime Environment (8.0_25-b18) (build 1.8.0_25-b18)
# Java VM: Java HotSpot(TM) 64-Bit Server VM (25.25-b02 mixed mode windows-amd64 compressed oops)
# Problematic frame:
# V  [jvm.dll+0x12a8f4]
#
# Failed to write core dump. Minidumps are not enabled by default on client versions of Windows
#
# If you would like to submit a bug report, please visit:
#   http://bugreport.sun.com/bugreport/crash.jsp
#

---------------  T H R E A D  ---------------

Current thread (0x0000000014a4e800):  JavaThread "C2 CompilerThread0" daemon [_thread_in_native, id=3588, stack(0x0000000015fc0000,0x00000000160c0000)]

siginfo: ExceptionCode=0xc0000005, reading address 0xffffffffffffffff

Registers:
RAX=0x000000001a330090, RBX=0x00000000000006d7, RCX=0x0800000017fe3190, RDX=0x0000000017fe2cd0
RSP=0x00000000160bf4c0, RBP=0x00000000160bf690, RSI=0x000000001a665780, RDI=0x00000000000036b8
R8 =0x00000000564b8a75, R9 =0x0000000055990000, R10=0x0000000000000000, R11=0x0000000000000200
R12=0x0000000000000000, R13=0x0000000000000000, R14=0x0000000017d70720, R15=0x0000000000000000
RIP=0x000000005601a8f4, EFLAGS=0x0000000000010206

Top of Stack: (sp=0x00000000160bf4c0)
0x00000000160bf4c0:   00000000160bf780 000000005616f4d8
0x00000000160bf4d0:   0000000000000000 00000000160bf650
0x00000000160bf4e0:   0000000014a4e800 0000000055f28ee1
0x00000000160bf4f0:   000081909c4cd123 000000005611c21d
0x00000000160bf500:   0000000ae7472e8c 0000000000002600
0x00000000160bf510:   0000000014a4e800 0000000055f16095
0x00000000160bf520:   0000000014a4e800 0000000000000000
0x00000000160bf530:   000000005616f400 0000000002c77788
0x00000000160bf540:   0000000000002600 0000000055f88c20
0x00000000160bf550:   0000000002260dd0 0000000014a4e800
0x00000000160bf560:   00000000160bf650 0000000014a4e800
0x00000000160bf570:   00000000160bf600 0000000055f7c6af
0x00000000160bf580:   00000000160bf610 0000000000000000
0x00000000160bf590:   0000000000000000 00000000030d1b90
0x00000000160bf5a0:   0000000014a484b0 000000001b3c0c08
0x00000000160bf5b0:   0000000014a4e800 00000000030d1b00 

Instructions: (pc=0x000000005601a8f4)
0x000000005601a8d4:   0f b7 41 02 48 83 c1 02 66 85 c0 78 05 e8 4a d2
0x000000005601a8e4:   0b 00 48 83 c4 28 c3 cc cc cc cc cc 48 83 ec 28
0x000000005601a8f4:   0f b7 41 02 48 83 c1 02 66 85 c0 78 05 e8 3a d2
0x000000005601a904:   0b 00 48 83 c4 28 c3 cc cc cc cc cc 48 89 5c 24 


Register to memory mapping:

RAX=0x000000001a330090 is an unknown value
RBX=0x00000000000006d7 is an unknown value
RCX=0x0800000017fe3190 is an unknown value
RDX=0x0000000017fe2cd0 is an unknown value
RSP=0x00000000160bf4c0 is pointing into the stack for thread: 0x0000000014a4e800
RBP=0x00000000160bf690 is pointing into the stack for thread: 0x0000000014a4e800
RSI=0x000000001a665780 is an unknown value
RDI=0x00000000000036b8 is an unknown value
R8 =0x00000000564b8a75 is an unknown value
R9 =0x0000000055990000 is an unknown value
R10=0x0000000000000000 is an unknown value
R11=0x0000000000000200 is an unknown value
R12=0x0000000000000000 is an unknown value
R13=0x0000000000000000 is an unknown value
R14=0x0000000017d70720 is an unknown value
R15=0x0000000000000000 is an unknown value


Stack: [0x0000000015fc0000,0x00000000160c0000],  sp=0x00000000160bf4c0,  free space=1021k
Native frames: (J=compiled Java code, j=interpreted, Vv=VM code, C=native code)
V  [jvm.dll+0x12a8f4]
V  [jvm.dll+0x38ee1]
V  [jvm.dll+0x26095]
V  [jvm.dll+0x98c20]
V  [jvm.dll+0x991f3]
V  [jvm.dll+0x22bde4]
V  [jvm.dll+0x2852fa]
C  [msvcr100.dll+0x21d9f]
C  [msvcr100.dll+0x21e3b]
C  [KERNEL32.DLL+0x1842]
C  [ntdll.dll+0x302a9]


Current CompileTask:
C2:2370483 4985   !   4       org.codehaus.groovy.antlr.parser.GroovyLexer::nextToken (2631 bytes)


---------------  P R O C E S S  ---------------

Java Threads: ( => current thread )
  0x000000001aa08800 JavaThread "Stdin handler" [_thread_blocked, id=5204, stack(0x0000000018b60000,0x0000000018c60000)]
  0x000000001aa06000 JavaThread "Daemon worker Thread 2" [_thread_in_native, id=5844, stack(0x0000000018a60000,0x0000000018b60000)]
  0x0000000018260800 JavaThread "Cancel handler" [_thread_blocked, id=6232, stack(0x0000000018960000,0x0000000018a60000)]
  0x000000001786b800 JavaThread "Handler for socket connection from /127.0.0.1:61168 to /127.0.0.1:51223" [_thread_in_native, id=4796, stack(0x0000000018860000,0x0000000018960000)]
  0x00000000177bb000 JavaThread "Daemon Thread 2" [_thread_blocked, id=7048, stack(0x0000000001f80000,0x0000000002080000)]
  0x0000000019da0800 JavaThread "File lock request listener" [_thread_in_native, id=1208, stack(0x000000001b500000,0x000000001b600000)]
  0x00000000177a3800 JavaThread "Incoming local TCP Connector on port 61168" [_thread_in_native, id=536, stack(0x0000000018480000,0x0000000018580000)]
  0x00000000162ed000 JavaThread "Service Thread" daemon [_thread_blocked, id=5128, stack(0x00000000166c0000,0x00000000167c0000)]
  0x0000000014a57000 JavaThread "C1 CompilerThread2" daemon [_thread_blocked, id=4964, stack(0x00000000161c0000,0x00000000162c0000)]
  0x0000000014a50800 JavaThread "C2 CompilerThread1" daemon [_thread_in_native, id=4972, stack(0x00000000160c0000,0x00000000161c0000)]
=>0x0000000014a4e800 JavaThread "C2 CompilerThread0" daemon [_thread_in_native, id=3588, stack(0x0000000015fc0000,0x00000000160c0000)]
  0x0000000014a4d000 JavaThread "Attach Listener" daemon [_thread_blocked, id=5336, stack(0x0000000015ec0000,0x0000000015fc0000)]
  0x0000000014a4b800 JavaThread "Signal Dispatcher" daemon [_thread_blocked, id=3108, stack(0x0000000015dc0000,0x0000000015ec0000)]
  0x0000000002355800 JavaThread "Finalizer" daemon [_thread_blocked, id=1396, stack(0x0000000015cc0000,0x0000000015dc0000)]
  0x000000000234b800 JavaThread "Reference Handler" daemon [_thread_blocked, id=4400, stack(0x0000000015bc0000,0x0000000015cc0000)]
  0x0000000002262800 JavaThread "main" [_thread_blocked, id=5712, stack(0x0000000002120000,0x0000000002220000)]

Other Threads:
  0x0000000014a15800 VMThread [stack: 0x0000000015ac0000,0x0000000015bc0000] [id=6352]
  0x00000000162f0800 WatcherThread [stack: 0x00000000167c0000,0x00000000168c0000] [id=4372]

VM state:not at safepoint (normal execution)

VM Mutex/Monitor currently owned by a thread: None

Heap:
 PSYoungGen      total 93696K, used 40182K [0x00000000eab00000, 0x00000000f1400000, 0x0000000100000000)
  eden space 82432K, 48% used [0x00000000eab00000,0x00000000ed23db08,0x00000000efb80000)
  from space 11264K, 0% used [0x00000000efb80000,0x00000000efb80000,0x00000000f0680000)
  to   space 11264K, 0% used [0x00000000f0900000,0x00000000f0900000,0x00000000f1400000)
 ParOldGen       total 56832K, used 35806K [0x00000000c0000000, 0x00000000c3780000, 0x00000000eab00000)
  object space 56832K, 63% used [0x00000000c0000000,0x00000000c22f79c8,0x00000000c3780000)
 Metaspace       used 41640K, capacity 43052K, committed 43264K, reserved 1087488K
  class space    used 5619K, capacity 6119K, committed 6144K, reserved 1048576K

Card table byte_map: [0x0000000011720000,0x0000000011930000] byte_map_base: 0x0000000011120000

Marking Bits: (ParMarkBitMap*) 0x00000000566cd490
 Begin Bits: [0x0000000011e90000, 0x0000000012e90000)
 End Bits:   [0x0000000012e90000, 0x0000000013e90000)

Polling page: 0x00000000020c0000

CodeCache: size=245760Kb used=16370Kb max_used=16553Kb free=229389Kb
 bounds [0x0000000002360000, 0x00000000033f0000, 0x0000000011360000]
 total_blobs=5161 nmethods=4493 adapters=580
 compilation: enabled

Compilation events (10 events):
Event: 2370.088 Thread 0x0000000014a50800 nmethod 5027 0x000000000298a390 code [0x000000000298a580, 0x000000000298b0a0]
Event: 2370.088 Thread 0x0000000014a50800 5048       4       org.codehaus.groovy.ast.ClassCodeVisitorSupport::visitAnnotations (113 bytes)
Event: 2370.105 Thread 0x0000000014a50800 nmethod 5048 0x00000000028c55d0 code [0x00000000028c5780, 0x00000000028c5e68]
Event: 2370.105 Thread 0x0000000014a50800 5026       4       groovyjarjarasm.asm.Item::a (354 bytes)
Event: 2370.114 Thread 0x0000000014a50800 nmethod 5026 0x00000000024ffc10 code [0x00000000024ffec0, 0x00000000025008b8]
Event: 2370.114 Thread 0x0000000014a50800 5057       4       java.util.LinkedHashMap::values (27 bytes)
Event: 2370.115 Thread 0x0000000014a50800 nmethod 5057 0x0000000002754510 code [0x0000000002754660, 0x0000000002754758]
Event: 2370.115 Thread 0x0000000014a50800 5051       4       java.util.LinkedList::add (7 bytes)
Event: 2370.116 Thread 0x0000000014a4e800 nmethod 4985 0x0000000002c6c310 code [0x0000000002c6d920, 0x0000000002c77788]
Event: 2370.117 Thread 0x0000000014a50800 nmethod 5051 0x00000000024ff850 code [0x00000000024ff9a0, 0x00000000024ffad8]

GC Heap History (10 events):
Event: 23.202 GC heap before
{Heap before GC invocations=20 (full 2):
 PSYoungGen      total 78336K, used 2484K [0x00000000eab00000, 0x00000000f0200000, 0x0000000100000000)
  eden space 69120K, 0% used [0x00000000eab00000,0x00000000eab00000,0x00000000eee80000)
  from space 9216K, 26% used [0x00000000ef700000,0x00000000ef96d1d8,0x00000000f0000000)
  to   space 8704K, 0% used [0x00000000eee80000,0x00000000eee80000,0x00000000ef700000)
 ParOldGen       total 31232K, used 18931K [0x00000000c0000000, 0x00000000c1e80000, 0x00000000eab00000)
  object space 31232K, 60% used [0x00000000c0000000,0x00000000c127cf58,0x00000000c1e80000)
 Metaspace       used 34528K, capacity 35372K, committed 35456K, reserved 1079296K
  class space    used 4579K, capacity 4945K, committed 4992K, reserved 1048576K
Event: 23.519 GC heap after
Heap after GC invocations=20 (full 2):
 PSYoungGen      total 78336K, used 0K [0x00000000eab00000, 0x00000000f0200000, 0x0000000100000000)
  eden space 69120K, 0% used [0x00000000eab00000,0x00000000eab00000,0x00000000eee80000)
  from space 9216K, 0% used [0x00000000ef700000,0x00000000ef700000,0x00000000f0000000)
  to   space 8704K, 0% used [0x00000000eee80000,0x00000000eee80000,0x00000000ef700000)
 ParOldGen       total 56832K, used 19803K [0x00000000c0000000, 0x00000000c3780000, 0x00000000eab00000)
  object space 56832K, 34% used [0x00000000c0000000,0x00000000c1356f28,0x00000000c3780000)
 Metaspace       used 34528K, capacity 35372K, committed 35456K, reserved 1079296K
  class space    used 4579K, capacity 4945K, committed 4992K, reserved 1048576K
}
Event: 26.534 GC heap before
{Heap before GC invocations=21 (full 2):
 PSYoungGen      total 78336K, used 69120K [0x00000000eab00000, 0x00000000f0200000, 0x0000000100000000)
  eden space 69120K, 100% used [0x00000000eab00000,0x00000000eee80000,0x00000000eee80000)
  from space 9216K, 0% used [0x00000000ef700000,0x00000000ef700000,0x00000000f0000000)
  to   space 8704K, 0% used [0x00000000eee80000,0x00000000eee80000,0x00000000ef700000)
 ParOldGen       total 56832K, used 19803K [0x00000000c0000000, 0x00000000c3780000, 0x00000000eab00000)
  object space 56832K, 34% used [0x00000000c0000000,0x00000000c1356f28,0x00000000c3780000)
 Metaspace       used 37674K, capacity 38724K, committed 39040K, reserved 1083392K
  class space    used 5030K, capacity 5434K, committed 5504K, reserved 1048576K
Event: 26.583 GC heap after
Heap after GC invocations=21 (full 2):
 PSYoungGen      total 77824K, used 8702K [0x00000000eab00000, 0x00000000f1080000, 0x0000000100000000)
  eden space 69120K, 0% used [0x00000000eab00000,0x00000000eab00000,0x00000000eee80000)
  from space 8704K, 99% used [0x00000000eee80000,0x00000000ef6ff910,0x00000000ef700000)
  to   space 10240K, 0% used [0x00000000f0680000,0x00000000f0680000,0x00000000f1080000)
 ParOldGen       total 56832K, used 20128K [0x00000000c0000000, 0x00000000c3780000, 0x00000000eab00000)
  object space 56832K, 35% used [0x00000000c0000000,0x00000000c13a8100,0x00000000c3780000)
 Metaspace       used 37674K, capacity 38724K, committed 39040K, reserved 1083392K
  class space    used 5030K, capacity 5434K, committed 5504K, reserved 1048576K
}
Event: 27.964 GC heap before
{Heap before GC invocations=22 (full 2):
 PSYoungGen      total 77824K, used 77822K [0x00000000eab00000, 0x00000000f1080000, 0x0000000100000000)
  eden space 69120K, 100% used [0x00000000eab00000,0x00000000eee80000,0x00000000eee80000)
  from space 8704K, 99% used [0x00000000eee80000,0x00000000ef6ff910,0x00000000ef700000)
  to   space 10240K, 0% used [0x00000000f0680000,0x00000000f0680000,0x00000000f1080000)
 ParOldGen       total 56832K, used 20128K [0x00000000c0000000, 0x00000000c3780000, 0x00000000eab00000)
  object space 56832K, 35% used [0x00000000c0000000,0x00000000c13a8100,0x00000000c3780000)
 Metaspace       used 38987K, capacity 40136K, committed 40320K, reserved 1083392K
  class space    used 5229K, capacity 5644K, committed 5760K, reserved 1048576K
Event: 28.011 GC heap after
Heap after GC invocations=22 (full 2):
 PSYoungGen      total 92672K, used 8112K [0x00000000eab00000, 0x00000000f1400000, 0x0000000100000000)
  eden space 82432K, 0% used [0x00000000eab00000,0x00000000eab00000,0x00000000efb80000)
  from space 10240K, 79% used [0x00000000f0680000,0x00000000f0e6c010,0x00000000f1080000)
  to   space 11264K, 0% used [0x00000000efb80000,0x00000000efb80000,0x00000000f0680000)
 ParOldGen       total 56832K, used 27141K [0x00000000c0000000, 0x00000000c3780000, 0x00000000eab00000)
  object space 56832K, 47% used [0x00000000c0000000,0x00000000c1a81750,0x00000000c3780000)
 Metaspace       used 38987K, capacity 40136K, committed 40320K, reserved 1083392K
  class space    used 5229K, capacity 5644K, committed 5760K, reserved 1048576K
}
Event: 32.901 GC heap before
{Heap before GC invocations=23 (full 2):
 PSYoungGen      total 92672K, used 82492K [0x00000000eab00000, 0x00000000f1400000, 0x0000000100000000)
  eden space 82432K, 90% used [0x00000000eab00000,0x00000000ef3a3240,0x00000000efb80000)
  from space 10240K, 79% used [0x00000000f0680000,0x00000000f0e6c010,0x00000000f1080000)
  to   space 11264K, 0% used [0x00000000efb80000,0x00000000efb80000,0x00000000f0680000)
 ParOldGen       total 56832K, used 27141K [0x00000000c0000000, 0x00000000c3780000, 0x00000000eab00000)
  object space 56832K, 47% used [0x00000000c0000000,0x00000000c1a81750,0x00000000c3780000)
 Metaspace       used 41445K, capacity 42774K, committed 43008K, reserved 1085440K
  class space    used 5609K, capacity 6079K, committed 6144K, reserved 1048576K
Event: 32.931 GC heap after
Heap after GC invocations=23 (full 2):
 PSYoungGen      total 93696K, used 5712K [0x00000000eab00000, 0x00000000f1400000, 0x0000000100000000)
  eden space 82432K, 0% used [0x00000000eab00000,0x00000000eab00000,0x00000000efb80000)
  from space 11264K, 50% used [0x00000000efb80000,0x00000000f01142d0,0x00000000f0680000)
  to   space 11264K, 0% used [0x00000000f0900000,0x00000000f0900000,0x00000000f1400000)
 ParOldGen       total 56832K, used 34806K [0x00000000c0000000, 0x00000000c3780000, 0x00000000eab00000)
  object space 56832K, 61% used [0x00000000c0000000,0x00000000c21fd860,0x00000000c3780000)
 Metaspace       used 41445K, capacity 42774K, committed 43008K, reserved 1085440K
  class space    used 5609K, capacity 6079K, committed 6144K, reserved 1048576K
}
Event: 32.931 GC heap before
{Heap before GC invocations=24 (full 3):
 PSYoungGen      total 93696K, used 5712K [0x00000000eab00000, 0x00000000f1400000, 0x0000000100000000)
  eden space 82432K, 0% used [0x00000000eab00000,0x00000000eab00000,0x00000000efb80000)
  from space 11264K, 50% used [0x00000000efb80000,0x00000000f01142d0,0x00000000f0680000)
  to   space 11264K, 0% used [0x00000000f0900000,0x00000000f0900000,0x00000000f1400000)
 ParOldGen       total 56832K, used 34806K [0x00000000c0000000, 0x00000000c3780000, 0x00000000eab00000)
  object space 56832K, 61% used [0x00000000c0000000,0x00000000c21fd860,0x00000000c3780000)
 Metaspace       used 41445K, capacity 42774K, committed 43008K, reserved 1085440K
  class space    used 5609K, capacity 6079K, committed 6144K, reserved 1048576K
Event: 33.448 GC heap after
Heap after GC invocations=24 (full 3):
 PSYoungGen      total 93696K, used 0K [0x00000000eab00000, 0x00000000f1400000, 0x0000000100000000)
  eden space 82432K, 0% used [0x00000000eab00000,0x00000000eab00000,0x00000000efb80000)
  from space 11264K, 0% used [0x00000000efb80000,0x00000000efb80000,0x00000000f0680000)
  to   space 11264K, 0% used [0x00000000f0900000,0x00000000f0900000,0x00000000f1400000)
 ParOldGen       total 56832K, used 35806K [0x00000000c0000000, 0x00000000c3780000, 0x00000000eab00000)
  object space 56832K, 63% used [0x00000000c0000000,0x00000000c22f79c8,0x00000000c3780000)
 Metaspace       used 41412K, capacity 42660K, committed 43008K, reserved 1085440K
  class space    used 5601K, capacity 6045K, committed 6144K, reserved 1048576K
}

Deoptimization events (10 events):
Event: 28.708 Thread 0x000000001786b800 Uncommon trap: reason=bimorphic action=maybe_recompile pc=0x0000000002f1c80c method=com.sun.org.apache.xerces.internal.impl.XMLDocumentFragmentScannerImpl.scanEndElement()I @ 142
Event: 28.718 Thread 0x000000001786b800 Uncommon trap: reason=unloaded action=reinterpret pc=0x0000000002f70024 method=com.sun.org.apache.xerces.internal.dom.DeferredDocumentImpl.getNodeObject(I)Lcom/sun/org/apache/xerces/internal/dom/DeferredNode; @ 255
Event: 29.508 Thread 0x000000001786b800 Uncommon trap: reason=unreached action=reinterpret pc=0x000000000300151c method=org.codehaus.groovy.util.ReferenceManager$2.afterReferenceCreation(Lorg/codehaus/groovy/util/Reference;)V @ 8
Event: 31.614 Thread 0x000000001786b800 Uncommon trap: reason=unloaded action=reinterpret pc=0x00000000032db508 method=com.sun.beans.TypeResolver.resolve(Ljava/lang/reflect/Type;Ljava/lang/reflect/Type;)Ljava/lang/reflect/Type; @ 175
Event: 31.629 Thread 0x000000001786b800 Uncommon trap: reason=unloaded action=reinterpret pc=0x00000000032a4b0c method=com.sun.beans.TypeResolver.resolve(Ljava/lang/reflect/Type;Ljava/lang/reflect/Type;)Ljava/lang/reflect/Type; @ 175
Event: 32.819 Thread 0x000000001786b800 Uncommon trap: reason=unreached action=reinterpret pc=0x000000000334c118 method=java.util.HashMap.removeNode(ILjava/lang/Object;Ljava/lang/Object;ZZ)Ljava/util/HashMap$Node; @ 89
Event: 32.840 Thread 0x000000001786b800 Uncommon trap: reason=class_check action=maybe_recompile pc=0x00000000032ece30 method=java.util.HashMap.removeNode(ILjava/lang/Object;Ljava/lang/Object;ZZ)Ljava/util/HashMap$Node; @ 68
Event: 32.863 Thread 0x000000001786b800 Uncommon trap: reason=class_check action=maybe_recompile pc=0x00000000032ece30 method=java.util.HashMap.removeNode(ILjava/lang/Object;Ljava/lang/Object;ZZ)Ljava/util/HashMap$Node; @ 68
Event: 33.450 Thread 0x000000001786b800 Uncommon trap: reason=unreached action=reinterpret pc=0x00000000033579a0 method=java.util.concurrent.locks.AbstractQueuedSynchronizer.release(I)Z @ 14
Event: 33.452 Thread 0x0000000002262800 Uncommon trap: reason=unreached action=reinterpret pc=0x00000000028fd7d4 method=java.util.concurrent.locks.AbstractQueuedSynchronizer.release(I)Z @ 14

Internal exceptions (10 events):
Event: 2370.042 Thread 0x000000001aa06000 Exception <a 'java/security/PrivilegedActionException'> (0x00000000ecfa0378) thrown at [D:\re\workspace\8-2-build-windows-amd64-cygwin\jdk8u25\1677\hotspot\src\share\vm\prims\jvm.cpp, line 1312]
Event: 2370.042 Thread 0x000000001aa06000 Exception <a 'java/security/PrivilegedActionException'> (0x00000000ecfb4c50) thrown at [D:\re\workspace\8-2-build-windows-amd64-cygwin\jdk8u25\1677\hotspot\src\share\vm\prims\jvm.cpp, line 1312]
Event: 2370.042 Thread 0x000000001aa06000 Exception <a 'java/security/PrivilegedActionException'> (0x00000000ecfb6bf8) thrown at [D:\re\workspace\8-2-build-windows-amd64-cygwin\jdk8u25\1677\hotspot\src\share\vm\prims\jvm.cpp, line 1312]
Event: 2370.042 Thread 0x000000001aa06000 Exception <a 'java/security/PrivilegedActionException'> (0x00000000ecfb8c00) thrown at [D:\re\workspace\8-2-build-windows-amd64-cygwin\jdk8u25\1677\hotspot\src\share\vm\prims\jvm.cpp, line 1312]
Event: 2370.043 Thread 0x000000001aa06000 Exception <a 'java/security/PrivilegedActionException'> (0x00000000ecfbac08) thrown at [D:\re\workspace\8-2-build-windows-amd64-cygwin\jdk8u25\1677\hotspot\src\share\vm\prims\jvm.cpp, line 1312]
Event: 2370.043 Thread 0x000000001aa06000 Exception <a 'java/security/PrivilegedActionException'> (0x00000000ecfbcc28) thrown at [D:\re\workspace\8-2-build-windows-amd64-cygwin\jdk8u25\1677\hotspot\src\share\vm\prims\jvm.cpp, line 1312]
Event: 2370.043 Thread 0x000000001aa06000 Exception <a 'java/security/PrivilegedActionException'> (0x00000000ecfbec48) thrown at [D:\re\workspace\8-2-build-windows-amd64-cygwin\jdk8u25\1677\hotspot\src\share\vm\prims\jvm.cpp, line 1312]
Event: 2370.043 Thread 0x000000001aa06000 Exception <a 'java/security/PrivilegedActionException'> (0x00000000ecfbfb88) thrown at [D:\re\workspace\8-2-build-windows-amd64-cygwin\jdk8u25\1677\hotspot\src\share\vm\prims\jvm.cpp, line 1312]
Event: 2370.043 Thread 0x000000001aa06000 Exception <a 'java/security/PrivilegedActionException'> (0x00000000ecfc0ba8) thrown at [D:\re\workspace\8-2-build-windows-amd64-cygwin\jdk8u25\1677\hotspot\src\share\vm\prims\jvm.cpp, line 1312]
Event: 2370.043 Thread 0x000000001aa06000 Exception <a 'java/security/PrivilegedActionException'> (0x00000000ecfc1bc8) thrown at [D:\re\workspace\8-2-build-windows-amd64-cygwin\jdk8u25\1677\hotspot\src\share\vm\prims\jvm.cpp, line 1312]

Events (10 events):
Event: 2369.241 Thread 0x0000000014a4e800 flushing nmethod 0x0000000002ffbd90
Event: 2369.241 Thread 0x0000000014a4e800 flushing nmethod 0x0000000003026550
Event: 2369.597 Executing VM operation: RevokeBias
Event: 2369.597 Executing VM operation: RevokeBias done
Event: 2369.911 Executing VM operation: RevokeBias
Event: 2369.912 Executing VM operation: RevokeBias done
Event: 2369.912 Executing VM operation: RevokeBias
Event: 2369.912 Executing VM operation: RevokeBias done
Event: 2369.912 loading class org/codehaus/groovy/ast/ClassNode$1
Event: 2369.912 loading class org/codehaus/groovy/ast/ClassNode$1 done


Dynamic libraries:
0x000007f702650000 - 0x000007f702684000 	C:\Program Files\Java\jdk1.8.0_25\bin\java.exe
0x000007f9658d0000 - 0x000007f965a8d000 	C:\WINDOWS\SYSTEM32\ntdll.dll
0x000007f962dc0000 - 0x000007f962ef7000 	C:\WINDOWS\system32\KERNEL32.DLL
0x000007f962b50000 - 0x000007f962c44000 	C:\WINDOWS\system32\KERNELBASE.dll
0x000007f963ef0000 - 0x000007f963fce000 	C:\WINDOWS\system32\ADVAPI32.dll
0x000007f9634c0000 - 0x000007f96360c000 	C:\WINDOWS\system32\USER32.dll
0x000007f960500000 - 0x000007f96076a000 	C:\WINDOWS\WinSxS\amd64_microsoft.windows.common-controls_6595b64144ccf1df_6.0.9200.16579_none_418ab7ef718b27ef\COMCTL32.dll
0x000007f962f00000 - 0x000007f962fa5000 	C:\WINDOWS\system32\msvcrt.dll
0x000007f962fb0000 - 0x000007f962ff8000 	C:\WINDOWS\SYSTEM32\sechost.dll
0x000007f963b50000 - 0x000007f963c95000 	C:\WINDOWS\system32\RPCRT4.dll
0x000007f963710000 - 0x000007f963851000 	C:\WINDOWS\system32\GDI32.dll
0x000007f963aa0000 - 0x000007f963ad9000 	C:\WINDOWS\system32\IMM32.DLL
0x000007f962ca0000 - 0x000007f962db5000 	C:\WINDOWS\system32\MSCTF.dll
0x000007f964000000 - 0x000007f964050000 	C:\WINDOWS\system32\SHLWAPI.dll
0x0000000055990000 - 0x0000000055a62000 	C:\Program Files\Java\jdk1.8.0_25\jre\bin\msvcr100.dll
0x0000000055ef0000 - 0x000000005674a000 	C:\Program Files\Java\jdk1.8.0_25\jre\bin\server\jvm.dll
0x000007f9616a0000 - 0x000007f9616a9000 	C:\WINDOWS\SYSTEM32\WSOCK32.dll
0x000007f9508a0000 - 0x000007f9508c0000 	C:\WINDOWS\SYSTEM32\WINMM.dll
0x000007f963ae0000 - 0x000007f963ae7000 	C:\WINDOWS\system32\PSAPI.DLL
0x000007f963610000 - 0x000007f963668000 	C:\WINDOWS\system32\WS2_32.dll
0x000007f950860000 - 0x000007f950893000 	C:\WINDOWS\SYSTEM32\WINMMBASE.dll
0x000007f9640c0000 - 0x000007f9640c9000 	C:\WINDOWS\system32\NSI.dll
0x000007f962c50000 - 0x000007f962c9f000 	C:\WINDOWS\SYSTEM32\cfgmgr32.dll
0x000007f962810000 - 0x000007f962832000 	C:\WINDOWS\system32\DEVOBJ.dll
0x0000000055e00000 - 0x0000000055e0f000 	C:\Program Files\Java\jdk1.8.0_25\jre\bin\verify.dll
0x0000000055dd0000 - 0x0000000055df8000 	C:\Program Files\Java\jdk1.8.0_25\jre\bin\java.dll
0x0000000055db0000 - 0x0000000055dc6000 	C:\Program Files\Java\jdk1.8.0_25\jre\bin\zip.dll
0x000007f964430000 - 0x000007f965715000 	C:\WINDOWS\system32\SHELL32.dll
0x000007f965720000 - 0x000007f9658d0000 	C:\WINDOWS\SYSTEM32\combase.dll
0x000007f960d60000 - 0x000007f960df6000 	C:\WINDOWS\SYSTEM32\SHCORE.dll
0x000007f9627f0000 - 0x000007f962805000 	C:\WINDOWS\system32\profapi.dll
0x000007f961ff0000 - 0x000007f96200a000 	C:\WINDOWS\SYSTEM32\CRYPTSP.dll
0x000007f961c90000 - 0x000007f961cdb000 	C:\WINDOWS\system32\rsaenh.dll
0x000007f962a80000 - 0x000007f962a9f000 	C:\WINDOWS\system32\USERENV.dll
0x000007f962720000 - 0x000007f96272a000 	C:\WINDOWS\SYSTEM32\CRYPTBASE.dll
0x000007f9625f0000 - 0x000007f96264c000 	C:\WINDOWS\SYSTEM32\bcryptPrimitives.dll
0x0000000055ba0000 - 0x0000000055bba000 	C:\Program Files\Java\jdk1.8.0_25\jre\bin\net.dll
0x000007f961f90000 - 0x000007f961fec000 	C:\WINDOWS\system32\mswsock.dll
0x000007f95dea0000 - 0x000007f95deca000 	C:\WINDOWS\SYSTEM32\IPHLPAPI.DLL
0x000007f95de80000 - 0x000007f95de8a000 	C:\WINDOWS\SYSTEM32\WINNSI.DLL
0x000007f95db40000 - 0x000007f95db53000 	C:\WINDOWS\SYSTEM32\dhcpcsvc6.DLL
0x000007f95db20000 - 0x000007f95db38000 	C:\WINDOWS\SYSTEM32\dhcpcsvc.DLL
0x0000000055b80000 - 0x0000000055b91000 	C:\Program Files\Java\jdk1.8.0_25\jre\bin\nio.dll
0x000007f95e470000 - 0x000007f95e482000 	C:\Users\Shubhz\AppData\Local\Temp\native-platform1192953895966230553dir\native-platform.dll
0x000007f946390000 - 0x000007f9464f3000 	C:\WINDOWS\SYSTEM32\dbghelp.dll

VM Arguments:
jvm_args: -XX:MaxPermSize=256m -XX:+HeapDumpOnOutOfMemoryError -Xmx1024m -Dfile.encoding=windows-1252 -Duser.country=US -Duser.language=en -Duser.variant 
java_command: org.gradle.launcher.daemon.bootstrap.GradleDaemon 2.2.1 C:\Users\Shubhz\.gradle\daemon 10800000 869a8efe-71f2-453b-90b7-906848c99b30 -XX:MaxPermSize=256m -XX:+HeapDumpOnOutOfMemoryError -Xmx1024m -Dfile.encoding=windows-1252 -Duser.country=US -Duser.language=en -Duser.variant
java_class_path (initial): C:\Program Files\Android\Android Studio\gradle\gradle-2.2.1\lib\gradle-launcher-2.2.1.jar
Launcher Type: SUN_STANDARD

Environment Variables:
JAVA_HOME=C:\Program Files\Java\jdk1.8.0_25
PATH=C:\Program Files (x86)\Git\cmd
USERNAME=Shubhz
OS=Windows_NT
PROCESSOR_IDENTIFIER=Intel64 Family 6 Model 42 Stepping 7, GenuineIntel



---------------  S Y S T E M  ---------------

OS: Windows 8 , 64 bit Build 9200 

CPU:total 4 (2 cores per cpu, 2 threads per core) family 6 model 42 stepping 7, cmov, cx8, fxsr, mmx, sse, sse2, sse3, ssse3, sse4.1, sse4.2, popcnt, avx, clmul, ht, tsc, tscinvbit

Memory: 4k page, physical 4127092k(1208028k free), swap 7290112k(3131456k free)

vm_info: Java HotSpot(TM) 64-Bit Server VM (25.25-b02) for windows-amd64 JRE (1.8.0_25-b18), built on Oct  7 2014 14:25:37 by "java_re" with MS VC++ 10.0 (VS2010)

time: Tue Apr 28 16:03:52 2015
elapsed time: 2370 seconds (0d 0h 39m 30s)

